sent 101 bytes  received 20 bytes  110000 bytes/sec
total size is 0  speedup is 0.00
rsync(76000): warning: child 76002 exited with status 23
[Tue Apr  7 01:30:00 KST 2026] No changes
sent 101 bytes  received 20 bytes  110000 bytes/sec
total size is 0  speedup is 0.00
rsync(35555): warning: child 35557 exited with status 23
[Wed Apr  8 01:30:01 KST 2026] No changes
sent 101 bytes  received 20 bytes  110000 bytes/sec
total size is 0  speedup is 0.00
rsync(74840): warning: child 74842 exited with status 23
[Thu Apr  9 01:30:00 KST 2026] No changes
sent 101 bytes  received 20 bytes  1210000 bytes/sec
total size is 0  speedup is 0.00
rsync(1494): warning: child 1496 exited with status 23
[Fri Apr 10 01:30:00 KST 2026] No changes
sent 101 bytes  received 20 bytes  110000 bytes/sec
total size is 0  speedup is 0.00
rsync(53800): warning: child 53802 exited with status 23
[Sat Apr 11 01:30:01 KST 2026] No changes
sent 101 bytes  received 20 bytes  57619 bytes/sec
total size is 0  speedup is 0.00
rsync(85190): warning: child 85192 exited with status 23
[Sun Apr 12 01:30:01 KST 2026] No changes
sent 101 bytes  received 20 bytes  110000 bytes/sec
total size is 0  speedup is 0.00
rsync(21601): warning: child 21603 exited with status 23
[Mon Apr 13 01:30:00 KST 2026] No changes
